# Logs (TRACE, DEBUG, INFO, WARN, ERROR)

# DEBUG
regexp=^.*DEBUG.*$
colours="\033[38;5;153m"
count=stop
======
# INFO
regexp=^.*INFO.*$
colours="\033[38;5;84m"
count=stop
======
# WARN
regexp=^.*WARN.*$
colours="\033[38;5;222m"
count=stop
======
# ERROR
regexp=^.*ERROR.*$
colours="\033[38;5;196m"
count=stop
======
# Lines starting with a # indicate a comment
regexp=^#.*$
colours="\033[38;5;84m"
count=stop
======

# Stacktraces that start with com.datastax are important
regexp=^.*com\.datastax\..*$
colours="\033[1;37m"
count=stop
#======
## com.orangevallee
#regexp=^.*com\.orangevallee.*$
#colours="\033[1;37m"
#count=stop
#======
## at
#regexp=^.*at.*$
#colours="\033[0;37m"
#count=stop

